{"region":"client","ts":"2021-11-25T02:47:35.525Z","level":"INFO","data":"string message 1"}
{"region":"client","ts":"2021-11-25T02:47:35.526Z","level":"INFO","data":"10000000"}
{"region":"client","ts":"2021-11-25T02:47:35.526Z","level":"WARNING","data":"\"2021-11-25T02:47:35.526Z\""}
{"region":"client","ts":"2021-11-25T02:47:35.526Z","level":"CRITICAL","data":"[1,1,1,1,1,1,1,1,1,1,1,1,1,1,1,1,1,1,1,1]"}
{"region":"client","ts":"2021-11-25T02:47:35.527Z","level":"ERROR","data":"{\"a\":1,\"b\":2,\"c\":{\"d\":\"e\",\"f\":[1,2,3]}}"}
{"t":"2021-11-25T02:55:42.749Z","level":"INFO","data":"string message 1"}
{"t":"2021-11-25T02:55:42.750Z","level":"INFO","data":"10000000"}
{"t":"2021-11-25T02:55:42.750Z","level":"WARNING","data":"\"2021-11-25T02:55:42.750Z\""}
{"t":"2021-11-25T02:55:42.750Z","level":"CRITICAL","data":"[1,1,1,1,1,1,1,1,1,1,1,1,1,1,1,1,1,1,1,1]"}
{"t":"2021-11-25T02:55:42.750Z","level":"ERROR","data":"{\"a\":1,\"b\":2,\"c\":{\"d\":\"e\",\"f\":[1,2,3]}}"}
{"t":"2021-11-25T02:56:43.192Z","level":"INFO","data":"string message 1"}
{"t":"2021-11-25T02:56:43.192Z","level":"INFO","data":"10000000"}
{"t":"2021-11-25T02:56:43.192Z","level":"WARNING","data":"\"2021-11-25T02:56:43.192Z\""}
{"t":"2021-11-25T02:56:43.192Z","level":"CRITICAL","data":"[1,1,1,1,1,1,1,1,1,1,1,1,1,1,1,1,1,1,1,1]"}
{"t":"2021-11-25T02:56:43.192Z","level":"ERROR","data":"{\"a\":1,\"b\":2,\"c\":{\"d\":\"e\",\"f\":[1,2,3]}}"}
{"t":"2021-11-25T03:01:29.205Z","level":"INFO","data":"string message 1"}
{"t":"2021-11-25T03:01:29.205Z","level":"INFO","data":"10000000"}
{"t":"2021-11-25T03:01:29.205Z","level":"WARNING","data":"\"2021-11-25T03:01:29.205Z\""}
{"t":"2021-11-25T03:01:29.205Z","level":"CRITICAL","data":"[1,1,1,1,1,1,1,1,1,1,1,1,1,1,1,1,1,1,1,1]"}
{"t":"2021-11-25T03:01:29.205Z","level":"ERROR","data":"{\"a\":1,\"b\":2,\"c\":{\"d\":\"e\",\"f\":[1,2,3]}}"}
{"t":"2021-11-25T03:06:15.620Z","level":"INFO","data":"string message 1"}
{"t":"2021-11-25T03:06:15.620Z","level":"INFO","data":"10000000"}
{"t":"2021-11-25T03:06:15.620Z","level":"WARNING","data":"\"2021-11-25T03:06:15.620Z\""}
{"t":"2021-11-25T03:06:15.621Z","level":"CRITICAL","data":"[1,1,1,1,1,1,1,1,1,1,1,1,1,1,1,1,1,1,1,1]"}
{"t":"2021-11-25T03:06:15.621Z","level":"ERROR","data":"{\"a\":1,\"b\":2,\"c\":{\"d\":\"e\",\"f\":[1,2,3]}}"}
{"t":"2021-11-25T03:06:47.024Z","level":"INFO","data":"string message 1"}
{"t":"2021-11-25T03:06:47.024Z","level":"INFO","data":"10000000"}
{"t":"2021-11-25T03:06:47.024Z","level":"WARNING","data":"\"2021-11-25T03:06:47.024Z\""}
{"t":"2021-11-25T03:06:47.024Z","level":"CRITICAL","data":"[1,1,1,1,1,1,1,1,1,1,1,1,1,1,1,1,1,1,1,1]"}
{"t":"2021-11-25T03:06:47.024Z","level":"ERROR","data":"{\"a\":1,\"b\":2,\"c\":{\"d\":\"e\",\"f\":[1,2,3]}}"}
{"t":"2021-11-25T03:08:39.720Z","level":"INFO","data":"string message 1"}
{"t":"2021-11-25T03:08:39.720Z","level":"INFO","data":"10000000"}
{"t":"2021-11-25T03:08:39.720Z","level":"WARNING","data":"\"2021-11-25T03:08:39.720Z\""}
{"t":"2021-11-25T03:08:39.720Z","level":"CRITICAL","data":"[1,1,1,1,1,1,1,1,1,1,1,1,1,1,1,1,1,1,1,1]"}
{"t":"2021-11-25T03:08:39.721Z","level":"ERROR","data":"{\"a\":1,\"b\":2,\"c\":{\"d\":\"e\",\"f\":[1,2,3]}}"}
{"t":"2021-11-25T03:09:28.676Z","level":"INFO","data":"string message 1"}
{"t":"2021-11-25T03:09:28.676Z","level":"INFO","data":"10000000"}
{"t":"2021-11-25T03:09:28.676Z","level":"WARNING","data":"\"2021-11-25T03:09:28.676Z\""}
{"t":"2021-11-25T03:09:28.676Z","level":"CRITICAL","data":"[1,1,1,1,1,1,1,1,1,1,1,1,1,1,1,1,1,1,1,1]"}
{"t":"2021-11-25T03:09:28.676Z","level":"ERROR","data":"{\"a\":1,\"b\":2,\"c\":{\"d\":\"e\",\"f\":[1,2,3]}}"}
{"t":"2021-11-25T03:09:46.095Z","level":"INFO","data":"string message 1"}
{"t":"2021-11-25T03:09:46.096Z","level":"INFO","data":"10000000"}
{"t":"2021-11-25T03:09:46.096Z","level":"WARNING","data":"\"2021-11-25T03:09:46.096Z\""}
{"t":"2021-11-25T03:09:46.096Z","level":"CRITICAL","data":"[1,1,1,1,1,1,1,1,1,1,1,1,1,1,1,1,1,1,1,1]"}
{"t":"2021-11-25T03:09:46.096Z","level":"ERROR","data":"{\"a\":1,\"b\":2,\"c\":{\"d\":\"e\",\"f\":[1,2,3]}}"}
{"t":"2021-11-25T03:10:02.834Z","level":"INFO","data":"string message 1"}
{"t":"2021-11-25T03:10:02.834Z","level":"INFO","data":"10000000"}
{"t":"2021-11-25T03:10:02.834Z","level":"WARNING","data":"\"2021-11-25T03:10:02.834Z\""}
{"t":"2021-11-25T03:10:02.834Z","level":"CRITICAL","data":"[1,1,1,1,1,1,1,1,1,1,1,1,1,1,1,1,1,1,1,1]"}
{"t":"2021-11-25T03:10:02.834Z","level":"ERROR","data":"{\"a\":1,\"b\":2,\"c\":{\"d\":\"e\",\"f\":[1,2,3]}}"}
{"t":"2021-11-25T03:10:28.718Z","level":"INFO","data":"string message 1"}
{"t":"2021-11-25T03:10:28.718Z","level":"INFO","data":"10000000"}
{"t":"2021-11-25T03:10:28.718Z","level":"WARNING","data":"\"2021-11-25T03:10:28.718Z\""}
{"t":"2021-11-25T03:10:28.719Z","level":"CRITICAL","data":"[1,1,1,1,1,1,1,1,1,1,1,1,1,1,1,1,1,1,1,1]"}
{"t":"2021-11-25T03:10:28.719Z","level":"ERROR","data":"{\"a\":1,\"b\":2,\"c\":{\"d\":\"e\",\"f\":[1,2,3]}}"}
{"t":"2021-11-25T03:10:45.346Z","level":"INFO","data":"string message 1"}
{"t":"2021-11-25T03:10:45.347Z","level":"INFO","data":"10000000"}
{"t":"2021-11-25T03:10:45.347Z","level":"WARNING","data":"\"2021-11-25T03:10:45.347Z\""}
{"t":"2021-11-25T03:10:45.347Z","level":"CRITICAL","data":"[1,1,1,1,1,1,1,1,1,1,1,1,1,1,1,1,1,1,1,1]"}
{"t":"2021-11-25T03:10:45.347Z","level":"ERROR","data":"{\"a\":1,\"b\":2,\"c\":{\"d\":\"e\",\"f\":[1,2,3]}}"}
{"t":"2021-11-25T03:11:25.433Z","level":"INFO","data":"string message 1"}
{"t":"2021-11-25T03:11:25.433Z","level":"INFO","data":"10000000"}
{"t":"2021-11-25T03:11:25.433Z","level":"WARNING","data":"\"2021-11-25T03:11:25.433Z\""}
{"t":"2021-11-25T03:11:25.433Z","level":"CRITICAL","data":"[1,1,1,1,1,1,1,1,1,1,1,1,1,1,1,1,1,1,1,1]"}
{"t":"2021-11-25T03:11:25.434Z","level":"ERROR","data":"{\"a\":1,\"b\":2,\"c\":{\"d\":\"e\",\"f\":[1,2,3]}}"}
{"t":"2021-11-25T03:11:38.906Z","level":"INFO","data":"string message 1"}
{"t":"2021-11-25T03:11:38.906Z","level":"INFO","data":"10000000"}
{"t":"2021-11-25T03:11:38.906Z","level":"WARNING","data":"\"2021-11-25T03:11:38.906Z\""}
{"t":"2021-11-25T03:11:38.906Z","level":"CRITICAL","data":"[1,1,1,1,1,1,1,1,1,1,1,1,1,1,1,1,1,1,1,1]"}
{"t":"2021-11-25T03:11:38.906Z","level":"ERROR","data":"{\"a\":1,\"b\":2,\"c\":{\"d\":\"e\",\"f\":[1,2,3]}}"}
{"t":"2021-11-25T03:11:54.375Z","level":"INFO","data":"string message 1"}
{"t":"2021-11-25T03:11:54.375Z","level":"INFO","data":"10000000"}
{"t":"2021-11-25T03:11:54.375Z","level":"WARNING","data":"\"2021-11-25T03:11:54.375Z\""}
{"t":"2021-11-25T03:11:54.375Z","level":"CRITICAL","data":"[1,1,1,1,1,1,1,1,1,1,1,1,1,1,1,1,1,1,1,1]"}
{"t":"2021-11-25T03:11:54.375Z","level":"ERROR","data":"{\"a\":1,\"b\":2,\"c\":{\"d\":\"e\",\"f\":[1,2,3]}}"}
{"t":"2021-11-25T03:12:07.096Z","level":"INFO","data":"string message 1"}
{"t":"2021-11-25T03:12:07.097Z","level":"INFO","data":"10000000"}
{"t":"2021-11-25T03:12:07.097Z","level":"WARNING","data":"\"2021-11-25T03:12:07.097Z\""}
{"t":"2021-11-25T03:12:07.097Z","level":"CRITICAL","data":"[1,1,1,1,1,1,1,1,1,1,1,1,1,1,1,1,1,1,1,1]"}
{"t":"2021-11-25T03:12:07.097Z","level":"ERROR","data":"{\"a\":1,\"b\":2,\"c\":{\"d\":\"e\",\"f\":[1,2,3]}}"}
{"t":"2021-11-25T03:12:56.527Z","level":"INFO","data":"string message 1"}
{"t":"2021-11-25T03:12:56.527Z","level":"INFO","data":"10000000"}
{"t":"2021-11-25T03:12:56.527Z","level":"WARNING","data":"\"2021-11-25T03:12:56.527Z\""}
{"t":"2021-11-25T03:12:56.527Z","level":"CRITICAL","data":"[1,1,1,1,1,1,1,1,1,1,1,1,1,1,1,1,1,1,1,1]"}
{"t":"2021-11-25T03:12:56.528Z","level":"ERROR","data":"{\"a\":1,\"b\":2,\"c\":{\"d\":\"e\",\"f\":[1,2,3]}}"}
{"t":"2021-11-25T03:13:12.542Z","level":"INFO","data":"string message 1"}
{"t":"2021-11-25T03:13:12.542Z","level":"INFO","data":"10000000"}
{"t":"2021-11-25T03:13:12.542Z","level":"WARNING","data":"\"2021-11-25T03:13:12.542Z\""}
{"t":"2021-11-25T03:13:12.542Z","level":"CRITICAL","data":"[1,1,1,1,1,1,1,1,1,1,1,1,1,1,1,1,1,1,1,1]"}
{"t":"2021-11-25T03:13:12.543Z","level":"ERROR","data":"{\"a\":1,\"b\":2,\"c\":{\"d\":\"e\",\"f\":[1,2,3]}}"}
{"t":"2021-11-25T03:17:46.766Z","level":"INFO","data":"string message 1"}
{"t":"2021-11-25T03:17:46.766Z","level":"INFO","data":"10000000"}
{"t":"2021-11-25T03:17:46.766Z","level":"WARNING","data":"\"2021-11-25T03:17:46.766Z\""}
{"t":"2021-11-25T03:17:46.766Z","level":"CRITICAL","data":"[1,1,1,1,1,1,1,1,1,1,1,1,1,1,1,1,1,1,1,1]"}
{"t":"2021-11-25T03:17:46.767Z","level":"ERROR","data":"{\"a\":1,\"b\":2,\"c\":{\"d\":\"e\",\"f\":[1,2,3]}}"}
{"t":"2021-11-25T03:18:17.364Z","level":"INFO","data":"string message 1"}
{"t":"2021-11-25T03:18:17.364Z","level":"INFO","data":"10000000"}
{"t":"2021-11-25T03:18:17.364Z","level":"WARNING","data":"\"2021-11-25T03:18:17.364Z\""}
{"t":"2021-11-25T03:18:17.364Z","level":"CRITICAL","data":"[1,1,1,1,1,1,1,1,1,1,1,1,1,1,1,1,1,1,1,1]"}
{"t":"2021-11-25T03:18:17.364Z","level":"ERROR","data":"{\"a\":1,\"b\":2,\"c\":{\"d\":\"e\",\"f\":[1,2,3]}}"}
{"t":"2021-11-25T03:18:55.938Z","level":"INFO","data":"string message 1"}
{"t":"2021-11-25T03:18:55.938Z","level":"INFO","data":"10000000"}
{"t":"2021-11-25T03:18:55.938Z","level":"WARNING","data":"\"2021-11-25T03:18:55.938Z\""}
{"t":"2021-11-25T03:18:55.938Z","level":"CRITICAL","data":"[1,1,1,1,1,1,1,1,1,1,1,1,1,1,1,1,1,1,1,1]"}
{"t":"2021-11-25T03:18:55.938Z","level":"ERROR","data":"{\"a\":1,\"b\":2,\"c\":{\"d\":\"e\",\"f\":[1,2,3]}}"}
{"t":"2021-11-25T03:19:37.170Z","level":"INFO","data":"string message 1"}
{"t":"2021-11-25T03:19:37.170Z","level":"INFO","data":"10000000"}
{"t":"2021-11-25T03:19:37.170Z","level":"WARNING","data":"\"2021-11-25T03:19:37.170Z\""}
{"t":"2021-11-25T03:19:37.170Z","level":"CRITICAL","data":"[1,1,1,1,1,1,1,1,1,1,1,1,1,1,1,1,1,1,1,1]"}
{"t":"2021-11-25T03:19:37.171Z","level":"ERROR","data":"{\"a\":1,\"b\":2,\"c\":{\"d\":\"e\",\"f\":[1,2,3]}}"}
{"t":"2021-11-25T03:19:53.956Z","level":"INFO","data":"string message 1"}
{"t":"2021-11-25T03:19:53.956Z","level":"INFO","data":"10000000"}
{"t":"2021-11-25T03:19:53.956Z","level":"WARNING","data":"\"2021-11-25T03:19:53.956Z\""}
{"t":"2021-11-25T03:19:53.956Z","level":"CRITICAL","data":"[1,1,1,1,1,1,1,1,1,1,1,1,1,1,1,1,1,1,1,1]"}
{"t":"2021-11-25T03:19:53.957Z","level":"ERROR","data":"{\"a\":1,\"b\":2,\"c\":{\"d\":\"e\",\"f\":[1,2,3]}}"}
{"t":"2021-11-25T03:20:46.454Z","level":"INFO","data":"string message 1"}
{"t":"2021-11-25T03:20:46.455Z","level":"INFO","data":"10000000"}
{"t":"2021-11-25T03:20:46.455Z","level":"WARNING","data":"\"2021-11-25T03:20:46.455Z\""}
{"t":"2021-11-25T03:20:46.455Z","level":"CRITICAL","data":"[1,1,1,1,1,1,1,1,1,1,1,1,1,1,1,1,1,1,1,1]"}
{"t":"2021-11-25T03:20:46.455Z","level":"ERROR","data":"{\"a\":1,\"b\":2,\"c\":{\"d\":\"e\",\"f\":[1,2,3]}}"}
{"t":"2021-11-25T03:21:05.714Z","level":"INFO","data":"string message 1"}
{"t":"2021-11-25T03:21:05.715Z","level":"INFO","data":"10000000"}
{"t":"2021-11-25T03:21:05.715Z","level":"WARNING","data":"\"2021-11-25T03:21:05.715Z\""}
{"t":"2021-11-25T03:21:05.715Z","level":"CRITICAL","data":"[1,1,1,1,1,1,1,1,1,1,1,1,1,1,1,1,1,1,1,1]"}
{"t":"2021-11-25T03:21:05.715Z","level":"ERROR","data":"{\"a\":1,\"b\":2,\"c\":{\"d\":\"e\",\"f\":[1,2,3]}}"}
{"t":"2021-11-25T03:22:08.605Z","level":"INFO","data":"string message 1"}
{"t":"2021-11-25T03:22:08.606Z","level":"INFO","data":"10000000"}
{"t":"2021-11-25T03:22:08.606Z","level":"WARNING","data":"\"2021-11-25T03:22:08.606Z\""}
{"t":"2021-11-25T03:22:08.606Z","level":"CRITICAL","data":"[1,1,1,1,1,1,1,1,1,1,1,1,1,1,1,1,1,1,1,1]"}
{"t":"2021-11-25T03:22:08.606Z","level":"ERROR","data":"{\"a\":1,\"b\":2,\"c\":{\"d\":\"e\",\"f\":[1,2,3]}}"}
{"t":"2021-11-25T03:22:20.664Z","level":"INFO","data":"string message 1"}
{"t":"2021-11-25T03:22:20.664Z","level":"INFO","data":"10000000"}
{"t":"2021-11-25T03:22:20.664Z","level":"WARNING","data":"\"2021-11-25T03:22:20.664Z\""}
{"t":"2021-11-25T03:22:20.664Z","level":"CRITICAL","data":"[1,1,1,1,1,1,1,1,1,1,1,1,1,1,1,1,1,1,1,1]"}
{"t":"2021-11-25T03:22:20.664Z","level":"ERROR","data":"{\"a\":1,\"b\":2,\"c\":{\"d\":\"e\",\"f\":[1,2,3]}}"}
{"t":"2021-11-25T03:23:15.240Z","level":"INFO","data":"string message 1"}
{"t":"2021-11-25T03:23:15.240Z","level":"INFO","data":"10000000"}
{"t":"2021-11-25T03:23:15.240Z","level":"WARNING","data":"\"2021-11-25T03:23:15.240Z\""}
{"t":"2021-11-25T03:23:15.240Z","level":"CRITICAL","data":"[1,1,1,1,1,1,1,1,1,1,1,1,1,1,1,1,1,1,1,1]"}
{"t":"2021-11-25T03:23:15.241Z","level":"ERROR","data":"{\"a\":1,\"b\":2,\"c\":{\"d\":\"e\",\"f\":[1,2,3]}}"}
{"t":"2021-11-25T03:33:21.471Z","level":"INFO","data":"string message 1"}
{"t":"2021-11-25T03:33:21.471Z","level":"INFO","data":"10000000"}
{"t":"2021-11-25T03:33:21.471Z","level":"WARNING","data":"\"2021-11-25T03:33:21.471Z\""}
{"t":"2021-11-25T03:33:21.472Z","level":"CRITICAL","data":"[1,1,1,1,1,1,1,1,1,1,1,1,1,1,1,1,1,1,1,1]"}
{"t":"2021-11-25T03:33:21.472Z","level":"ERROR","data":"{\"a\":1,\"b\":2,\"c\":{\"d\":\"e\",\"f\":[1,2,3]}}"}
{"t":"2021-11-25T03:33:55.733Z","level":"INFO","data":"string message 1"}
{"t":"2021-11-25T03:33:55.734Z","level":"INFO","data":"10000000"}
{"t":"2021-11-25T03:33:55.734Z","level":"WARNING","data":"\"2021-11-25T03:33:55.734Z\""}
{"t":"2021-11-25T03:33:55.734Z","level":"CRITICAL","data":"[1,1,1,1,1,1,1,1,1,1,1,1,1,1,1,1,1,1,1,1]"}
{"t":"2021-11-25T03:33:55.734Z","level":"ERROR","data":"{\"a\":1,\"b\":2,\"c\":{\"d\":\"e\",\"f\":[1,2,3]}}"}
{"t":"2021-11-25T03:34:18.686Z","level":"INFO","data":"string message 1"}
{"t":"2021-11-25T03:34:18.686Z","level":"INFO","data":"10000000"}
{"t":"2021-11-25T03:34:18.686Z","level":"WARNING","data":"\"2021-11-25T03:34:18.686Z\""}
{"t":"2021-11-25T03:34:18.686Z","level":"CRITICAL","data":"[1,1,1,1,1,1,1,1,1,1,1,1,1,1,1,1,1,1,1,1]"}
{"t":"2021-11-25T03:34:18.687Z","level":"ERROR","data":"{\"a\":1,\"b\":2,\"c\":{\"d\":\"e\",\"f\":[1,2,3]}}"}
{"t":"2021-11-25T03:34:36.430Z","level":"INFO","data":"string message 1"}
{"t":"2021-11-25T03:34:36.430Z","level":"INFO","data":"10000000"}
{"t":"2021-11-25T03:34:36.430Z","level":"WARNING","data":"\"2021-11-25T03:34:36.430Z\""}
{"t":"2021-11-25T03:34:36.431Z","level":"CRITICAL","data":"[1,1,1,1,1,1,1,1,1,1,1,1,1,1,1,1,1,1,1,1]"}
{"t":"2021-11-25T03:34:36.431Z","level":"ERROR","data":"{\"a\":1,\"b\":2,\"c\":{\"d\":\"e\",\"f\":[1,2,3]}}"}
{"t":"2021-11-25T03:34:54.975Z","level":"INFO","data":"string message 1"}
{"t":"2021-11-25T03:34:54.976Z","level":"INFO","data":"10000000"}
{"t":"2021-11-25T03:34:54.976Z","level":"WARNING","data":"\"2021-11-25T03:34:54.976Z\""}
{"t":"2021-11-25T03:34:54.976Z","level":"CRITICAL","data":"[1,1,1,1,1,1,1,1,1,1,1,1,1,1,1,1,1,1,1,1]"}
{"t":"2021-11-25T03:34:54.976Z","level":"ERROR","data":"{\"a\":1,\"b\":2,\"c\":{\"d\":\"e\",\"f\":[1,2,3]}}"}
{"t":"2021-11-25T03:37:32.432Z","level":"INFO","data":"string message 1"}
{"t":"2021-11-25T03:37:32.432Z","level":"INFO","data":"10000000"}
{"t":"2021-11-25T03:37:32.432Z","level":"WARNING","data":"\"2021-11-25T03:37:32.432Z\""}
{"t":"2021-11-25T03:37:32.432Z","level":"CRITICAL","data":"[1,1,1,1,1,1,1,1,1,1,1,1,1,1,1,1,1,1,1,1]"}
{"t":"2021-11-25T03:37:32.433Z","level":"ERROR","data":"{\"a\":1,\"b\":2,\"c\":{\"d\":\"e\",\"f\":[1,2,3]}}"}
{"t":"2021-11-25T03:38:48.801Z","level":"INFO","data":"string message 1"}
{"t":"2021-11-25T03:38:48.801Z","level":"INFO","data":"10000000"}
{"t":"2021-11-25T03:38:48.801Z","level":"WARNING","data":"\"2021-11-25T03:38:48.801Z\""}
{"t":"2021-11-25T03:38:48.801Z","level":"CRITICAL","data":"[1,1,1,1,1,1,1,1,1,1,1,1,1,1,1,1,1,1,1,1]"}
{"t":"2021-11-25T03:38:48.802Z","level":"ERROR","data":"{\"a\":1,\"b\":2,\"c\":{\"d\":\"e\",\"f\":[1,2,3]}}"}
{"t":"2021-11-25T03:39:01.657Z","level":"INFO","data":"string message 1"}
{"t":"2021-11-25T03:39:01.657Z","level":"INFO","data":"10000000"}
{"t":"2021-11-25T03:39:01.657Z","level":"WARNING","data":"\"2021-11-25T03:39:01.657Z\""}
{"t":"2021-11-25T03:39:01.657Z","level":"CRITICAL","data":"[1,1,1,1,1,1,1,1,1,1,1,1,1,1,1,1,1,1,1,1]"}
{"t":"2021-11-25T03:39:01.657Z","level":"ERROR","data":"{\"a\":1,\"b\":2,\"c\":{\"d\":\"e\",\"f\":[1,2,3]}}"}
{"t":"2021-11-25T03:39:11.437Z","level":"INFO","data":"string message 1"}
{"t":"2021-11-25T03:39:11.437Z","level":"INFO","data":"10000000"}
{"t":"2021-11-25T03:39:11.437Z","level":"WARNING","data":"\"2021-11-25T03:39:11.437Z\""}
{"t":"2021-11-25T03:39:11.437Z","level":"CRITICAL","data":"[1,1,1,1,1,1,1,1,1,1,1,1,1,1,1,1,1,1,1,1]"}
{"t":"2021-11-25T03:39:11.437Z","level":"ERROR","data":"{\"a\":1,\"b\":2,\"c\":{\"d\":\"e\",\"f\":[1,2,3]}}"}
{"t":"2021-11-25T03:39:20.970Z","level":"INFO","data":"string message 1"}
{"t":"2021-11-25T03:39:20.970Z","level":"INFO","data":"10000000"}
{"t":"2021-11-25T03:39:20.970Z","level":"WARNING","data":"\"2021-11-25T03:39:20.970Z\""}
{"t":"2021-11-25T03:39:20.970Z","level":"CRITICAL","data":"[1,1,1,1,1,1,1,1,1,1,1,1,1,1,1,1,1,1,1,1]"}
{"t":"2021-11-25T03:39:20.970Z","level":"ERROR","data":"{\"a\":1,\"b\":2,\"c\":{\"d\":\"e\",\"f\":[1,2,3]}}"}
{"t":"2021-11-25T03:39:38.908Z","level":"INFO","data":"string message 1"}
{"t":"2021-11-25T03:39:38.908Z","level":"INFO","data":"10000000"}
{"t":"2021-11-25T03:39:38.908Z","level":"WARNING","data":"\"2021-11-25T03:39:38.908Z\""}
{"t":"2021-11-25T03:39:38.908Z","level":"CRITICAL","data":"[1,1,1,1,1,1,1,1,1,1,1,1,1,1,1,1,1,1,1,1]"}
{"t":"2021-11-25T03:39:38.909Z","level":"ERROR","data":"{\"a\":1,\"b\":2,\"c\":{\"d\":\"e\",\"f\":[1,2,3]}}"}
{"t":"2021-11-25T03:39:45.593Z","level":"INFO","data":"string message 1"}
{"t":"2021-11-25T03:39:45.593Z","level":"INFO","data":"10000000"}
{"t":"2021-11-25T03:39:45.593Z","level":"WARNING","data":"\"2021-11-25T03:39:45.593Z\""}
{"t":"2021-11-25T03:39:45.593Z","level":"CRITICAL","data":"[1,1,1,1,1,1,1,1,1,1,1,1,1,1,1,1,1,1,1,1]"}
{"t":"2021-11-25T03:39:45.594Z","level":"ERROR","data":"{\"a\":1,\"b\":2,\"c\":{\"d\":\"e\",\"f\":[1,2,3]}}"}
{"t":"2021-11-25T03:41:07.364Z","level":"INFO","data":"string message 1"}
{"t":"2021-11-25T03:41:07.364Z","level":"INFO","data":"10000000"}
{"t":"2021-11-25T03:41:07.364Z","level":"WARNING","data":"\"2021-11-25T03:41:07.364Z\""}
{"t":"2021-11-25T03:41:07.364Z","level":"CRITICAL","data":"[1,1,1,1,1,1,1,1,1,1,1,1,1,1,1,1,1,1,1,1]"}
{"t":"2021-11-25T03:41:07.365Z","level":"ERROR","data":"{\"a\":1,\"b\":2,\"c\":{\"d\":\"e\",\"f\":[1,2,3]}}"}
{"t":"2021-11-25T03:41:39.957Z","level":"INFO","data":"string message 1"}
{"t":"2021-11-25T03:41:39.957Z","level":"INFO","data":"10000000"}
{"t":"2021-11-25T03:41:39.958Z","level":"WARNING","data":"\"2021-11-25T03:41:39.958Z\""}
{"t":"2021-11-25T03:41:39.958Z","level":"CRITICAL","data":"[1,1,1,1,1,1,1,1,1,1,1,1,1,1,1,1,1,1,1,1]"}
{"t":"2021-11-25T03:41:39.958Z","level":"ERROR","data":"{\"a\":1,\"b\":2,\"c\":{\"d\":\"e\",\"f\":[1,2,3]}}"}
{"t":"2021-11-25T03:47:32.446Z","level":"INFO","data":"string message 1"}
{"t":"2021-11-25T03:47:32.447Z","level":"INFO","data":"10000000"}
{"t":"2021-11-25T03:47:32.447Z","level":"WARNING","data":"\"2021-11-25T03:47:32.447Z\""}
{"t":"2021-11-25T03:47:32.447Z","level":"CRITICAL","data":"[1,1,1,1,1,1,1,1,1,1,1,1,1,1,1,1,1,1,1,1]"}
{"t":"2021-11-25T03:47:32.447Z","level":"ERROR","data":"{\"a\":1,\"b\":2,\"c\":{\"d\":\"e\",\"f\":[1,2,3]}}"}
{"t":"2021-11-25T03:47:48.504Z","level":"INFO","data":"string message 1"}
{"t":"2021-11-25T03:47:48.504Z","level":"INFO","data":"10000000"}
{"t":"2021-11-25T03:47:48.504Z","level":"WARNING","data":"\"2021-11-25T03:47:48.504Z\""}
{"t":"2021-11-25T03:47:48.504Z","level":"CRITICAL","data":"[1,1,1,1,1,1,1,1,1,1,1,1,1,1,1,1,1,1,1,1]"}
{"t":"2021-11-25T03:47:48.505Z","level":"ERROR","data":"{\"a\":1,\"b\":2,\"c\":{\"d\":\"e\",\"f\":[1,2,3]}}"}
{"t":"2021-11-25T03:48:01.115Z","level":"INFO","data":"string message 1"}
{"t":"2021-11-25T03:48:01.115Z","level":"INFO","data":"10000000"}
{"t":"2021-11-25T03:48:01.115Z","level":"WARNING","data":"\"2021-11-25T03:48:01.115Z\""}
{"t":"2021-11-25T03:48:01.115Z","level":"CRITICAL","data":"[1,1,1,1,1,1,1,1,1,1,1,1,1,1,1,1,1,1,1,1]"}
{"t":"2021-11-25T03:48:01.116Z","level":"ERROR","data":"{\"a\":1,\"b\":2,\"c\":{\"d\":\"e\",\"f\":[1,2,3]}}"}
{"t":"2021-11-25T03:49:49.857Z","level":"INFO","data":"string message 1"}
{"t":"2021-11-25T03:49:49.857Z","level":"INFO","data":"10000000"}
{"t":"2021-11-25T03:49:49.857Z","level":"WARNING","data":"\"2021-11-25T03:49:49.857Z\""}
{"t":"2021-11-25T03:49:49.857Z","level":"CRITICAL","data":"[1,1,1,1,1,1,1,1,1,1,1,1,1,1,1,1,1,1,1,1]"}
{"t":"2021-11-25T03:49:49.858Z","level":"ERROR","data":"{\"a\":1,\"b\":2,\"c\":{\"d\":\"e\",\"f\":[1,2,3]}}"}
{"t":"2021-11-25T03:51:11.464Z","level":"INFO","data":"string message 1"}
{"t":"2021-11-25T03:51:11.464Z","level":"INFO","data":"10000000"}
{"t":"2021-11-25T03:51:11.464Z","level":"WARNING","data":"\"2021-11-25T03:51:11.464Z\""}
{"t":"2021-11-25T03:51:11.464Z","level":"CRITICAL","data":"[1,1,1,1,1,1,1,1,1,1,1,1,1,1,1,1,1,1,1,1]"}
{"t":"2021-11-25T03:51:11.464Z","level":"ERROR","data":"{\"a\":1,\"b\":2,\"c\":{\"d\":\"e\",\"f\":[1,2,3]}}"}
{"t":"2021-11-25T03:51:49.272Z","level":"INFO","data":"string message 1"}
{"t":"2021-11-25T03:51:49.272Z","level":"INFO","data":"10000000"}
{"t":"2021-11-25T03:51:49.272Z","level":"WARNING","data":"\"2021-11-25T03:51:49.272Z\""}
{"t":"2021-11-25T03:51:49.272Z","level":"CRITICAL","data":"[1,1,1,1,1,1,1,1,1,1,1,1,1,1,1,1,1,1,1,1]"}
{"t":"2021-11-25T03:51:49.273Z","level":"ERROR","data":"{\"a\":1,\"b\":2,\"c\":{\"d\":\"e\",\"f\":[1,2,3]}}"}
{"t":"2021-11-25T03:52:14.780Z","level":"INFO","data":"string message 1"}
{"t":"2021-11-25T03:52:14.780Z","level":"INFO","data":"10000000"}
{"t":"2021-11-25T03:52:14.780Z","level":"WARNING","data":"\"2021-11-25T03:52:14.780Z\""}
{"t":"2021-11-25T03:52:14.780Z","level":"CRITICAL","data":"[1,1,1,1,1,1,1,1,1,1,1,1,1,1,1,1,1,1,1,1]"}
{"t":"2021-11-25T03:52:14.781Z","level":"ERROR","data":"{\"a\":1,\"b\":2,\"c\":{\"d\":\"e\",\"f\":[1,2,3]}}"}
{"t":"2021-11-25T03:52:34.045Z","level":"INFO","data":"string message 1"}
{"t":"2021-11-25T03:52:34.045Z","level":"INFO","data":"10000000"}
{"t":"2021-11-25T03:52:34.045Z","level":"WARNING","data":"\"2021-11-25T03:52:34.045Z\""}
{"t":"2021-11-25T03:52:34.046Z","level":"CRITICAL","data":"[1,1,1,1,1,1,1,1,1,1,1,1,1,1,1,1,1,1,1,1]"}
{"t":"2021-11-25T03:52:34.046Z","level":"ERROR","data":"{\"a\":1,\"b\":2,\"c\":{\"d\":\"e\",\"f\":[1,2,3]}}"}
{"t":"2021-11-25T03:52:46.740Z","level":"INFO","data":"string message 1"}
{"t":"2021-11-25T03:52:46.740Z","level":"INFO","data":"10000000"}
{"t":"2021-11-25T03:52:46.740Z","level":"WARNING","data":"\"2021-11-25T03:52:46.740Z\""}
{"t":"2021-11-25T03:52:46.741Z","level":"CRITICAL","data":"[1,1,1,1,1,1,1,1,1,1,1,1,1,1,1,1,1,1,1,1]"}
{"t":"2021-11-25T03:52:46.741Z","level":"ERROR","data":"{\"a\":1,\"b\":2,\"c\":{\"d\":\"e\",\"f\":[1,2,3]}}"}
{"t":"2021-11-25T03:53:10.077Z","level":"INFO","data":"string message 1"}
{"t":"2021-11-25T03:53:10.077Z","level":"INFO","data":"10000000"}
{"t":"2021-11-25T03:53:10.077Z","level":"WARNING","data":"\"2021-11-25T03:53:10.077Z\""}
{"t":"2021-11-25T03:53:10.077Z","level":"CRITICAL","data":"[1,1,1,1,1,1,1,1,1,1,1,1,1,1,1,1,1,1,1,1]"}
{"t":"2021-11-25T03:53:10.078Z","level":"ERROR","data":"{\"a\":1,\"b\":2,\"c\":{\"d\":\"e\",\"f\":[1,2,3]}}"}
{"t":"2021-11-25T03:53:43.798Z","level":"INFO","data":"string message 1"}
{"t":"2021-11-25T03:53:43.798Z","level":"INFO","data":"10000000"}
{"t":"2021-11-25T03:53:43.798Z","level":"WARNING","data":"\"2021-11-25T03:53:43.798Z\""}
{"t":"2021-11-25T03:53:43.798Z","level":"CRITICAL","data":"[1,1,1,1,1,1,1,1,1,1,1,1,1,1,1,1,1,1,1,1]"}
{"t":"2021-11-25T03:53:43.799Z","level":"ERROR","data":"{\"a\":1,\"b\":2,\"c\":{\"d\":\"e\",\"f\":[1,2,3]}}"}
{"t":"2021-11-25T03:53:56.961Z","level":"INFO","data":"string message 1"}
{"t":"2021-11-25T03:53:56.961Z","level":"INFO","data":"10000000"}
{"t":"2021-11-25T03:53:56.961Z","level":"WARNING","data":"\"2021-11-25T03:53:56.961Z\""}
{"t":"2021-11-25T03:53:56.962Z","level":"CRITICAL","data":"[1,1,1,1,1,1,1,1,1,1,1,1,1,1,1,1,1,1,1,1]"}
{"t":"2021-11-25T03:53:56.962Z","level":"ERROR","data":"{\"a\":1,\"b\":2,\"c\":{\"d\":\"e\",\"f\":[1,2,3]}}"}
{"t":"2021-11-25T03:54:16.423Z","level":"INFO","data":"string message 1"}
{"t":"2021-11-25T03:54:16.423Z","level":"INFO","data":"10000000"}
{"t":"2021-11-25T03:54:16.423Z","level":"WARNING","data":"\"2021-11-25T03:54:16.423Z\""}
{"t":"2021-11-25T03:54:16.423Z","level":"CRITICAL","data":"[1,1,1,1,1,1,1,1,1,1,1,1,1,1,1,1,1,1,1,1]"}
{"t":"2021-11-25T03:54:16.423Z","level":"ERROR","data":"{\"a\":1,\"b\":2,\"c\":{\"d\":\"e\",\"f\":[1,2,3]}}"}
{"t":"2021-11-25T04:02:23.595Z","level":"INFO","data":"string message 1"}
{"t":"2021-11-25T04:02:23.595Z","level":"INFO","data":"10000000"}
{"t":"2021-11-25T04:02:23.595Z","level":"WARNING","data":"\"2021-11-25T04:02:23.595Z\""}
{"t":"2021-11-25T04:02:23.595Z","level":"CRITICAL","data":"[1,1,1,1,1,1,1,1,1,1,1,1,1,1,1,1,1,1,1,1]"}
{"t":"2021-11-25T04:02:23.596Z","level":"ERROR","data":"{\"a\":1,\"b\":2,\"c\":{\"d\":\"e\",\"f\":[1,2,3]}}"}
{"t":"2021-11-25T04:03:30.336Z","level":"INFO","data":"string message 1"}
{"t":"2021-11-25T04:03:30.336Z","level":"INFO","data":"10000000"}
{"t":"2021-11-25T04:03:30.336Z","level":"WARNING","data":"\"2021-11-25T04:03:30.336Z\""}
{"t":"2021-11-25T04:03:30.336Z","level":"CRITICAL","data":"[1,1,1,1,1,1,1,1,1,1,1,1,1,1,1,1,1,1,1,1]"}
{"t":"2021-11-25T04:03:30.336Z","level":"ERROR","data":"{\"a\":1,\"b\":2,\"c\":{\"d\":\"e\",\"f\":[1,2,3]}}"}
{"t":"2021-11-25T04:06:34.944Z","level":"INFO","data":"string message 1"}
{"t":"2021-11-25T04:06:34.944Z","level":"INFO","data":"10000000"}
{"t":"2021-11-25T04:06:34.944Z","level":"WARNING","data":"\"2021-11-25T04:06:34.944Z\""}
{"t":"2021-11-25T04:06:34.944Z","level":"CRITICAL","data":"[1,1,1,1,1,1,1,1,1,1,1,1,1,1,1,1,1,1,1,1]"}
{"t":"2021-11-25T04:06:34.944Z","level":"ERROR","data":"{\"a\":1,\"b\":2,\"c\":{\"d\":\"e\",\"f\":[1,2,3]}}"}
{"t":"2021-11-25T04:07:22.411Z","level":"INFO","data":"string message 1"}
{"t":"2021-11-25T04:07:22.411Z","level":"INFO","data":"10000000"}
{"t":"2021-11-25T04:07:22.411Z","level":"WARNING","data":"\"2021-11-25T04:07:22.411Z\""}
{"t":"2021-11-25T04:07:22.411Z","level":"CRITICAL","data":"[1,1,1,1,1,1,1,1,1,1,1,1,1,1,1,1,1,1,1,1]"}
{"t":"2021-11-25T04:07:22.411Z","level":"ERROR","data":"{\"a\":1,\"b\":2,\"c\":{\"d\":\"e\",\"f\":[1,2,3]}}"}
{"t":"2021-11-25T04:13:56.783Z","level":"INFO","data":"string message 1"}
{"t":"2021-11-25T04:13:56.784Z","level":"INFO","data":"10000000"}
{"t":"2021-11-25T04:13:56.784Z","level":"WARNING","data":"\"2021-11-25T04:13:56.784Z\""}
{"t":"2021-11-25T04:13:56.784Z","level":"CRITICAL","data":"[1,1,1,1,1,1,1,1,1,1,1,1,1,1,1,1,1,1,1,1]"}
{"t":"2021-11-25T04:13:56.784Z","level":"ERROR","data":"{\"a\":1,\"b\":2,\"c\":{\"d\":\"e\",\"f\":[1,2,3]}}"}
{"t":"2021-11-25T04:15:12.482Z","level":"INFO","data":"string message 1"}
{"t":"2021-11-25T04:15:12.482Z","level":"INFO","data":"10000000"}
{"t":"2021-11-25T04:15:12.482Z","level":"WARNING","data":"\"2021-11-25T04:15:12.482Z\""}
{"t":"2021-11-25T04:15:12.482Z","level":"CRITICAL","data":"[1,1,1,1,1,1,1,1,1,1,1,1,1,1,1,1,1,1,1,1]"}
{"t":"2021-11-25T04:15:12.483Z","level":"ERROR","data":"{\"a\":1,\"b\":2,\"c\":{\"d\":\"e\",\"f\":[1,2,3]}}"}
{"t":"2021-11-25T04:15:33.642Z","level":"INFO","data":"string message 1"}
{"t":"2021-11-25T04:15:33.642Z","level":"INFO","data":"10000000"}
{"t":"2021-11-25T04:15:33.642Z","level":"WARNING","data":"\"2021-11-25T04:15:33.642Z\""}
{"t":"2021-11-25T04:15:33.642Z","level":"CRITICAL","data":"[1,1,1,1,1,1,1,1,1,1,1,1,1,1,1,1,1,1,1,1]"}
{"t":"2021-11-25T04:15:33.642Z","level":"ERROR","data":"{\"a\":1,\"b\":2,\"c\":{\"d\":\"e\",\"f\":[1,2,3]}}"}
{"t":"2021-11-25T04:15:55.951Z","level":"INFO","data":"string message 1"}
{"t":"2021-11-25T04:15:55.952Z","level":"INFO","data":"10000000"}
{"t":"2021-11-25T04:15:55.952Z","level":"WARNING","data":"\"2021-11-25T04:15:55.952Z\""}
{"t":"2021-11-25T04:15:55.952Z","level":"CRITICAL","data":"[1,1,1,1,1,1,1,1,1,1,1,1,1,1,1,1,1,1,1,1]"}
{"t":"2021-11-25T04:15:55.952Z","level":"ERROR","data":"{\"a\":1,\"b\":2,\"c\":{\"d\":\"e\",\"f\":[1,2,3]}}"}
{"t":"2021-11-25T04:16:35.891Z","level":"INFO","data":"string message 1"}
{"t":"2021-11-25T04:16:35.891Z","level":"INFO","data":"10000000"}
{"t":"2021-11-25T04:16:35.891Z","level":"WARNING","data":"\"2021-11-25T04:16:35.891Z\""}
{"t":"2021-11-25T04:16:35.891Z","level":"CRITICAL","data":"[1,1,1,1,1,1,1,1,1,1,1,1,1,1,1,1,1,1,1,1]"}
{"t":"2021-11-25T04:16:35.891Z","level":"ERROR","data":"{\"a\":1,\"b\":2,\"c\":{\"d\":\"e\",\"f\":[1,2,3]}}"}
{"t":"2021-11-25T04:16:51.530Z","level":"INFO","data":"string message 1"}
{"t":"2021-11-25T04:16:51.530Z","level":"INFO","data":"10000000"}
{"t":"2021-11-25T04:16:51.530Z","level":"WARNING","data":"\"2021-11-25T04:16:51.530Z\""}
{"t":"2021-11-25T04:16:51.530Z","level":"CRITICAL","data":"[1,1,1,1,1,1,1,1,1,1,1,1,1,1,1,1,1,1,1,1]"}
{"t":"2021-11-25T04:16:51.530Z","level":"ERROR","data":"{\"a\":1,\"b\":2,\"c\":{\"d\":\"e\",\"f\":[1,2,3]}}"}
{"t":"2021-11-25T04:17:34.786Z","level":"INFO","data":"string message 1"}
{"t":"2021-11-25T04:17:34.786Z","level":"INFO","data":"10000000"}
{"t":"2021-11-25T04:17:34.787Z","level":"WARNING","data":"\"2021-11-25T04:17:34.786Z\""}
{"t":"2021-11-25T04:17:34.787Z","level":"CRITICAL","data":"[1,1,1,1,1,1,1,1,1,1,1,1,1,1,1,1,1,1,1,1]"}
{"t":"2021-11-25T04:17:34.787Z","level":"ERROR","data":"{\"a\":1,\"b\":2,\"c\":{\"d\":\"e\",\"f\":[1,2,3]}}"}
{"t":"2021-11-25T04:17:42.604Z","level":"INFO","data":"string message 1"}
{"t":"2021-11-25T04:17:42.605Z","level":"INFO","data":"10000000"}
{"t":"2021-11-25T04:17:42.605Z","level":"WARNING","data":"\"2021-11-25T04:17:42.605Z\""}
{"t":"2021-11-25T04:17:42.605Z","level":"CRITICAL","data":"[1,1,1,1,1,1,1,1,1,1,1,1,1,1,1,1,1,1,1,1]"}
{"t":"2021-11-25T04:17:42.605Z","level":"ERROR","data":"{\"a\":1,\"b\":2,\"c\":{\"d\":\"e\",\"f\":[1,2,3]}}"}
{"t":"2021-11-25T04:18:12.029Z","level":"INFO","data":"string message 1"}
{"t":"2021-11-25T04:18:12.030Z","level":"INFO","data":"10000000"}
{"t":"2021-11-25T04:18:12.030Z","level":"WARNING","data":"\"2021-11-25T04:18:12.030Z\""}
{"t":"2021-11-25T04:18:12.030Z","level":"CRITICAL","data":"[1,1,1,1,1,1,1,1,1,1,1,1,1,1,1,1,1,1,1,1]"}
{"t":"2021-11-25T04:18:12.030Z","level":"ERROR","data":"{\"a\":1,\"b\":2,\"c\":{\"d\":\"e\",\"f\":[1,2,3]}}"}
{"t":"2021-11-25T04:18:18.949Z","level":"INFO","data":"string message 1"}
{"t":"2021-11-25T04:18:18.949Z","level":"INFO","data":"10000000"}
{"t":"2021-11-25T04:18:18.949Z","level":"WARNING","data":"\"2021-11-25T04:18:18.949Z\""}
{"t":"2021-11-25T04:18:18.949Z","level":"CRITICAL","data":"[1,1,1,1,1,1,1,1,1,1,1,1,1,1,1,1,1,1,1,1]"}
{"t":"2021-11-25T04:18:18.950Z","level":"ERROR","data":"{\"a\":1,\"b\":2,\"c\":{\"d\":\"e\",\"f\":[1,2,3]}}"}
{"t":"2021-11-25T04:18:38.721Z","level":"INFO","data":"string message 1"}
{"t":"2021-11-25T04:18:38.721Z","level":"INFO","data":"10000000"}
{"t":"2021-11-25T04:18:38.721Z","level":"WARNING","data":"\"2021-11-25T04:18:38.721Z\""}
{"t":"2021-11-25T04:18:38.721Z","level":"CRITICAL","data":"[1,1,1,1,1,1,1,1,1,1,1,1,1,1,1,1,1,1,1,1]"}
{"t":"2021-11-25T04:18:38.721Z","level":"ERROR","data":"{\"a\":1,\"b\":2,\"c\":{\"d\":\"e\",\"f\":[1,2,3]}}"}
{"t":"2021-11-25T04:24:50.929Z","level":"INFO","data":"string message 1"}
{"t":"2021-11-25T04:24:50.929Z","level":"INFO","data":"10000000"}
{"t":"2021-11-25T04:24:50.929Z","level":"WARNING","data":"\"2021-11-25T04:24:50.929Z\""}
{"t":"2021-11-25T04:24:50.929Z","level":"CRITICAL","data":"[1,1,1,1,1,1,1,1,1,1,1,1,1,1,1,1,1,1,1,1]"}
{"t":"2021-11-25T04:24:50.929Z","level":"ERROR","data":"{\"a\":1,\"b\":2,\"c\":{\"d\":\"e\",\"f\":[1,2,3]}}"}
{"t":"2021-11-25T04:28:23.062Z","level":"INFO","data":"string message 1"}
{"t":"2021-11-25T04:28:23.062Z","level":"INFO","data":"10000000"}
{"t":"2021-11-25T04:28:23.062Z","level":"WARNING","data":"\"2021-11-25T04:28:23.062Z\""}
{"t":"2021-11-25T04:28:23.062Z","level":"CRITICAL","data":"[1,1,1,1,1,1,1,1,1,1,1,1,1,1,1,1,1,1,1,1]"}
{"t":"2021-11-25T04:28:23.062Z","level":"ERROR","data":"{\"a\":1,\"b\":2,\"c\":{\"d\":\"e\",\"f\":[1,2,3]}}"}
{"t":"2021-11-25T04:41:20.591Z","level":"INFO","data":"string message 1"}
{"t":"2021-11-25T04:41:20.592Z","level":"INFO","data":"10000000"}
{"t":"2021-11-25T04:41:20.592Z","level":"WARNING","data":"\"2021-11-25T04:41:20.592Z\""}
{"t":"2021-11-25T04:41:20.592Z","level":"CRITICAL","data":"[1,1,1,1,1,1,1,1,1,1,1,1,1,1,1,1,1,1,1,1]"}
{"t":"2021-11-25T04:41:20.592Z","level":"ERROR","data":"{\"a\":1,\"b\":2,\"c\":{\"d\":\"e\",\"f\":[1,2,3]}}"}
{"t":"2021-11-25T04:42:25.030Z","level":"INFO","data":"string message 1"}
{"t":"2021-11-25T04:42:25.030Z","level":"INFO","data":"10000000"}
{"t":"2021-11-25T04:42:25.030Z","level":"WARNING","data":"\"2021-11-25T04:42:25.030Z\""}
{"t":"2021-11-25T04:42:25.030Z","level":"CRITICAL","data":"[1,1,1,1,1,1,1,1,1,1,1,1,1,1,1,1,1,1,1,1]"}
{"t":"2021-11-25T04:42:25.031Z","level":"ERROR","data":"{\"a\":1,\"b\":2,\"c\":{\"d\":\"e\",\"f\":[1,2,3]}}"}
{"t":"2021-11-25T04:42:41.155Z","level":"INFO","data":"string message 1"}
{"t":"2021-11-25T04:42:41.155Z","level":"INFO","data":"10000000"}
{"t":"2021-11-25T04:42:41.156Z","level":"WARNING","data":"\"2021-11-25T04:42:41.156Z\""}
{"t":"2021-11-25T04:42:41.156Z","level":"CRITICAL","data":"[1,1,1,1,1,1,1,1,1,1,1,1,1,1,1,1,1,1,1,1]"}
{"t":"2021-11-25T04:42:41.156Z","level":"ERROR","data":"{\"a\":1,\"b\":2,\"c\":{\"d\":\"e\",\"f\":[1,2,3]}}"}
{"t":"2021-11-25T04:43:05.927Z","level":"INFO","data":"string message 1"}
{"t":"2021-11-25T04:43:05.928Z","level":"INFO","data":"10000000"}
{"t":"2021-11-25T04:43:05.928Z","level":"WARNING","data":"\"2021-11-25T04:43:05.928Z\""}
{"t":"2021-11-25T04:43:05.928Z","level":"CRITICAL","data":"[1,1,1,1,1,1,1,1,1,1,1,1,1,1,1,1,1,1,1,1]"}
{"t":"2021-11-25T04:43:05.928Z","level":"ERROR","data":"{\"a\":1,\"b\":2,\"c\":{\"d\":\"e\",\"f\":[1,2,3]}}"}
{"t":"2021-11-25T04:44:46.818Z","level":"INFO","data":"string message 1"}
{"t":"2021-11-25T04:44:46.818Z","level":"INFO","data":"10000000"}
{"t":"2021-11-25T04:44:46.818Z","level":"WARNING","data":"\"2021-11-25T04:44:46.818Z\""}
{"t":"2021-11-25T04:44:46.818Z","level":"CRITICAL","data":"[1,1,1,1,1,1,1,1,1,1,1,1,1,1,1,1,1,1,1,1]"}
{"t":"2021-11-25T04:44:46.818Z","level":"ERROR","data":"{\"a\":1,\"b\":2,\"c\":{\"d\":\"e\",\"f\":[1,2,3]}}"}
{"t":"2021-11-25T04:45:03.690Z","level":"INFO","data":"string message 1"}
{"t":"2021-11-25T04:45:03.690Z","level":"INFO","data":"10000000"}
{"t":"2021-11-25T04:45:03.690Z","level":"WARNING","data":"\"2021-11-25T04:45:03.690Z\""}
{"t":"2021-11-25T04:45:03.690Z","level":"CRITICAL","data":"[1,1,1,1,1,1,1,1,1,1,1,1,1,1,1,1,1,1,1,1]"}
{"t":"2021-11-25T04:45:03.690Z","level":"ERROR","data":"{\"a\":1,\"b\":2,\"c\":{\"d\":\"e\",\"f\":[1,2,3]}}"}
{"t":"2021-11-25T04:53:46.395Z","level":"INFO","data":"string message 1"}
{"t":"2021-11-25T04:53:46.395Z","level":"INFO","data":"10000000"}
{"t":"2021-11-25T04:53:46.395Z","level":"WARNING","data":"\"2021-11-25T04:53:46.395Z\""}
{"t":"2021-11-25T04:53:46.395Z","level":"CRITICAL","data":"[1,1,1,1,1,1,1,1,1,1,1,1,1,1,1,1,1,1,1,1]"}
{"t":"2021-11-25T04:53:46.396Z","level":"ERROR","data":"{\"a\":1,\"b\":2,\"c\":{\"d\":\"e\",\"f\":[1,2,3]}}"}
{"t":"2021-11-25T04:54:21.290Z","level":"INFO","data":"string message 1"}
{"t":"2021-11-25T04:54:21.290Z","level":"INFO","data":"10000000"}
{"t":"2021-11-25T04:54:21.290Z","level":"WARNING","data":"\"2021-11-25T04:54:21.290Z\""}
{"t":"2021-11-25T04:54:21.290Z","level":"CRITICAL","data":"[1,1,1,1,1,1,1,1,1,1,1,1,1,1,1,1,1,1,1,1]"}
{"t":"2021-11-25T04:54:21.291Z","level":"ERROR","data":"{\"a\":1,\"b\":2,\"c\":{\"d\":\"e\",\"f\":[1,2,3]}}"}
{"t":"2021-11-25T04:54:50.760Z","level":"INFO","data":"string message 1"}
{"t":"2021-11-25T04:54:50.760Z","level":"INFO","data":"10000000"}
{"t":"2021-11-25T04:54:50.760Z","level":"WARNING","data":"\"2021-11-25T04:54:50.760Z\""}
{"t":"2021-11-25T04:54:50.760Z","level":"CRITICAL","data":"[1,1,1,1,1,1,1,1,1,1,1,1,1,1,1,1,1,1,1,1]"}
{"t":"2021-11-25T04:54:50.761Z","level":"ERROR","data":"{\"a\":1,\"b\":2,\"c\":{\"d\":\"e\",\"f\":[1,2,3]}}"}
{"t":"2021-11-25T04:56:00.702Z","level":"INFO","data":"string message 1"}
{"t":"2021-11-25T04:56:00.702Z","level":"INFO","data":"10000000"}
{"t":"2021-11-25T04:56:00.702Z","level":"WARNING","data":"\"2021-11-25T04:56:00.702Z\""}
{"t":"2021-11-25T04:56:00.702Z","level":"CRITICAL","data":"[1,1,1,1,1,1,1,1,1,1,1,1,1,1,1,1,1,1,1,1]"}
{"t":"2021-11-25T04:56:00.702Z","level":"ERROR","data":"{\"a\":1,\"b\":2,\"c\":{\"d\":\"e\",\"f\":[1,2,3]}}"}
{"t":"2021-11-25T04:56:46.107Z","level":"INFO","data":"string message 1"}
{"t":"2021-11-25T04:56:46.107Z","level":"INFO","data":"10000000"}
{"t":"2021-11-25T04:56:46.107Z","level":"WARNING","data":"\"2021-11-25T04:56:46.107Z\""}
{"t":"2021-11-25T04:56:46.107Z","level":"CRITICAL","data":"[1,1,1,1,1,1,1,1,1,1,1,1,1,1,1,1,1,1,1,1]"}
{"t":"2021-11-25T04:56:46.107Z","level":"ERROR","data":"{\"a\":1,\"b\":2,\"c\":{\"d\":\"e\",\"f\":[1,2,3]}}"}
{"t":"2021-11-25T04:57:15.036Z","level":"INFO","data":"string message 1"}
{"t":"2021-11-25T04:57:15.036Z","level":"INFO","data":"10000000"}
{"t":"2021-11-25T04:57:15.036Z","level":"WARNING","data":"\"2021-11-25T04:57:15.036Z\""}
{"t":"2021-11-25T04:57:15.036Z","level":"CRITICAL","data":"[1,1,1,1,1,1,1,1,1,1,1,1,1,1,1,1,1,1,1,1]"}
{"t":"2021-11-25T04:57:15.037Z","level":"ERROR","data":"{\"a\":1,\"b\":2,\"c\":{\"d\":\"e\",\"f\":[1,2,3]}}"}
{"t":"2021-11-25T04:58:17.145Z","level":"INFO","data":"string message 1"}
{"t":"2021-11-25T04:58:17.145Z","level":"INFO","data":"10000000"}
{"t":"2021-11-25T04:58:17.145Z","level":"WARNING","data":"\"2021-11-25T04:58:17.145Z\""}
{"t":"2021-11-25T04:58:17.145Z","level":"CRITICAL","data":"[1,1,1,1,1,1,1,1,1,1,1,1,1,1,1,1,1,1,1,1]"}
{"t":"2021-11-25T04:58:17.146Z","level":"ERROR","data":"{\"a\":1,\"b\":2,\"c\":{\"d\":\"e\",\"f\":[1,2,3]}}"}
{"t":"2021-11-25T04:58:36.884Z","level":"INFO","data":"string message 1"}
{"t":"2021-11-25T04:58:36.885Z","level":"INFO","data":"10000000"}
{"t":"2021-11-25T04:58:36.885Z","level":"WARNING","data":"\"2021-11-25T04:58:36.885Z\""}
{"t":"2021-11-25T04:58:36.885Z","level":"CRITICAL","data":"[1,1,1,1,1,1,1,1,1,1,1,1,1,1,1,1,1,1,1,1]"}
{"t":"2021-11-25T04:58:36.885Z","level":"ERROR","data":"{\"a\":1,\"b\":2,\"c\":{\"d\":\"e\",\"f\":[1,2,3]}}"}
{"t":"2021-11-25T04:58:57.266Z","level":"INFO","data":"string message 1"}
{"t":"2021-11-25T04:58:57.266Z","level":"INFO","data":"10000000"}
{"t":"2021-11-25T04:58:57.266Z","level":"WARNING","data":"\"2021-11-25T04:58:57.266Z\""}
{"t":"2021-11-25T04:58:57.266Z","level":"CRITICAL","data":"[1,1,1,1,1,1,1,1,1,1,1,1,1,1,1,1,1,1,1,1]"}
{"t":"2021-11-25T04:58:57.266Z","level":"ERROR","data":"{\"a\":1,\"b\":2,\"c\":{\"d\":\"e\",\"f\":[1,2,3]}}"}
{"t":"2021-11-25T04:59:19.224Z","level":"INFO","data":"string message 1"}
{"t":"2021-11-25T04:59:19.224Z","level":"INFO","data":"10000000"}
{"t":"2021-11-25T04:59:19.225Z","level":"WARNING","data":"\"2021-11-25T04:59:19.225Z\""}
{"t":"2021-11-25T04:59:19.225Z","level":"CRITICAL","data":"[1,1,1,1,1,1,1,1,1,1,1,1,1,1,1,1,1,1,1,1]"}
{"t":"2021-11-25T04:59:19.225Z","level":"ERROR","data":"{\"a\":1,\"b\":2,\"c\":{\"d\":\"e\",\"f\":[1,2,3]}}"}
{"t":"2021-11-25T04:59:48.202Z","level":"INFO","data":"string message 1"}
{"t":"2021-11-25T04:59:48.203Z","level":"INFO","data":"10000000"}
{"t":"2021-11-25T04:59:48.203Z","level":"WARNING","data":"\"2021-11-25T04:59:48.203Z\""}
{"t":"2021-11-25T04:59:48.203Z","level":"CRITICAL","data":"[1,1,1,1,1,1,1,1,1,1,1,1,1,1,1,1,1,1,1,1]"}
{"t":"2021-11-25T04:59:48.203Z","level":"ERROR","data":"{\"a\":1,\"b\":2,\"c\":{\"d\":\"e\",\"f\":[1,2,3]}}"}
{"t":"2021-11-25T05:02:00.131Z","level":"INFO","data":"string message 1"}
{"t":"2021-11-25T05:02:00.131Z","level":"INFO","data":"10000000"}
{"t":"2021-11-25T05:02:00.131Z","level":"WARNING","data":"\"2021-11-25T05:02:00.131Z\""}
{"t":"2021-11-25T05:02:00.131Z","level":"CRITICAL","data":"[1,1,1,1,1,1,1,1,1,1,1,1,1,1,1,1,1,1,1,1]"}
{"t":"2021-11-25T05:02:00.132Z","level":"ERROR","data":"{\"a\":1,\"b\":2,\"c\":{\"d\":\"e\",\"f\":[1,2,3]}}"}
{"t":"2021-11-25T05:02:15.800Z","level":"INFO","data":"string message 1"}
{"t":"2021-11-25T05:02:15.800Z","level":"INFO","data":"10000000"}
{"t":"2021-11-25T05:02:15.800Z","level":"WARNING","data":"\"2021-11-25T05:02:15.800Z\""}
{"t":"2021-11-25T05:02:15.800Z","level":"CRITICAL","data":"[1,1,1,1,1,1,1,1,1,1,1,1,1,1,1,1,1,1,1,1]"}
{"t":"2021-11-25T05:02:15.801Z","level":"ERROR","data":"{\"a\":1,\"b\":2,\"c\":{\"d\":\"e\",\"f\":[1,2,3]}}"}
{"t":"2021-11-25T05:02:57.882Z","level":"INFO","data":"string message 1"}
{"t":"2021-11-25T05:02:57.882Z","level":"INFO","data":"10000000"}
{"t":"2021-11-25T05:02:57.882Z","level":"WARNING","data":"\"2021-11-25T05:02:57.882Z\""}
{"t":"2021-11-25T05:02:57.882Z","level":"CRITICAL","data":"[1,1,1,1,1,1,1,1,1,1,1,1,1,1,1,1,1,1,1,1]"}
{"t":"2021-11-25T05:02:57.883Z","level":"ERROR","data":"{\"a\":1,\"b\":2,\"c\":{\"d\":\"e\",\"f\":[1,2,3]}}"}
{"t":"2021-11-25T05:03:36.595Z","level":"INFO","data":"string message 1"}
{"t":"2021-11-25T05:03:36.595Z","level":"INFO","data":"10000000"}
{"t":"2021-11-25T05:03:36.595Z","level":"WARNING","data":"\"2021-11-25T05:03:36.595Z\""}
{"t":"2021-11-25T05:03:36.595Z","level":"CRITICAL","data":"[1,1,1,1,1,1,1,1,1,1,1,1,1,1,1,1,1,1,1,1]"}
{"t":"2021-11-25T05:03:36.595Z","level":"ERROR","data":"{\"a\":1,\"b\":2,\"c\":{\"d\":\"e\",\"f\":[1,2,3]}}"}
{"t":"2021-11-25T05:04:21.871Z","level":"INFO","data":"string message 1"}
{"t":"2021-11-25T05:04:21.871Z","level":"INFO","data":"10000000"}
{"t":"2021-11-25T05:04:21.871Z","level":"WARNING","data":"\"2021-11-25T05:04:21.871Z\""}
{"t":"2021-11-25T05:04:21.871Z","level":"CRITICAL","data":"[1,1,1,1,1,1,1,1,1,1,1,1,1,1,1,1,1,1,1,1]"}
{"t":"2021-11-25T05:04:21.871Z","level":"ERROR","data":"{\"a\":1,\"b\":2,\"c\":{\"d\":\"e\",\"f\":[1,2,3]}}"}
{"t":"2021-11-25T05:04:44.294Z","level":"INFO","data":"string message 1"}
{"t":"2021-11-25T05:04:44.295Z","level":"INFO","data":"10000000"}
{"t":"2021-11-25T05:04:44.295Z","level":"WARNING","data":"\"2021-11-25T05:04:44.295Z\""}
{"t":"2021-11-25T05:04:44.295Z","level":"CRITICAL","data":"[1,1,1,1,1,1,1,1,1,1,1,1,1,1,1,1,1,1,1,1]"}
{"t":"2021-11-25T05:04:44.295Z","level":"ERROR","data":"{\"a\":1,\"b\":2,\"c\":{\"d\":\"e\",\"f\":[1,2,3]}}"}
{"t":"2021-11-25T05:05:21.213Z","level":"INFO","data":"string message 1"}
{"t":"2021-11-25T05:05:21.213Z","level":"INFO","data":"10000000"}
{"t":"2021-11-25T05:05:21.213Z","level":"WARNING","data":"\"2021-11-25T05:05:21.213Z\""}
{"t":"2021-11-25T05:05:21.213Z","level":"CRITICAL","data":"[1,1,1,1,1,1,1,1,1,1,1,1,1,1,1,1,1,1,1,1]"}
{"t":"2021-11-25T05:05:21.213Z","level":"ERROR","data":"{\"a\":1,\"b\":2,\"c\":{\"d\":\"e\",\"f\":[1,2,3]}}"}
{"t":"2021-11-25T05:05:50.897Z","level":"INFO","data":"string message 1"}
{"t":"2021-11-25T05:05:50.897Z","level":"INFO","data":"10000000"}
{"t":"2021-11-25T05:05:50.897Z","level":"WARNING","data":"\"2021-11-25T05:05:50.897Z\""}
{"t":"2021-11-25T05:05:50.897Z","level":"CRITICAL","data":"[1,1,1,1,1,1,1,1,1,1,1,1,1,1,1,1,1,1,1,1]"}
{"t":"2021-11-25T05:05:50.897Z","level":"ERROR","data":"{\"a\":1,\"b\":2,\"c\":{\"d\":\"e\",\"f\":[1,2,3]}}"}
{"t":"2021-11-25T05:06:25.212Z","level":"INFO","data":"string message 1"}
{"t":"2021-11-25T05:06:25.212Z","level":"INFO","data":"10000000"}
{"t":"2021-11-25T05:06:25.212Z","level":"WARNING","data":"\"2021-11-25T05:06:25.212Z\""}
{"t":"2021-11-25T05:06:25.212Z","level":"CRITICAL","data":"[1,1,1,1,1,1,1,1,1,1,1,1,1,1,1,1,1,1,1,1]"}
{"t":"2021-11-25T05:06:25.213Z","level":"ERROR","data":"{\"a\":1,\"b\":2,\"c\":{\"d\":\"e\",\"f\":[1,2,3]}}"}
{"t":"2021-11-25T05:07:34.708Z","level":"INFO","data":"string message 1"}
{"t":"2021-11-25T05:07:34.708Z","level":"INFO","data":"10000000"}
{"t":"2021-11-25T05:07:34.708Z","level":"WARNING","data":"\"2021-11-25T05:07:34.708Z\""}
{"t":"2021-11-25T05:07:34.708Z","level":"CRITICAL","data":"[1,1,1,1,1,1,1,1,1,1,1,1,1,1,1,1,1,1,1,1]"}
{"t":"2021-11-25T05:07:34.708Z","level":"ERROR","data":"{\"a\":1,\"b\":2,\"c\":{\"d\":\"e\",\"f\":[1,2,3]}}"}
{"t":"2021-11-25T05:08:24.297Z","level":"INFO","data":"string message 1"}
{"t":"2021-11-25T05:08:24.297Z","level":"INFO","data":"10000000"}
{"t":"2021-11-25T05:08:24.297Z","level":"WARNING","data":"\"2021-11-25T05:08:24.297Z\""}
{"t":"2021-11-25T05:08:24.297Z","level":"CRITICAL","data":"[1,1,1,1,1,1,1,1,1,1,1,1,1,1,1,1,1,1,1,1]"}
{"t":"2021-11-25T05:08:24.298Z","level":"ERROR","data":"{\"a\":1,\"b\":2,\"c\":{\"d\":\"e\",\"f\":[1,2,3]}}"}
{"t":"2021-11-25T05:08:54.070Z","level":"INFO","data":"string message 1"}
{"t":"2021-11-25T05:08:54.070Z","level":"INFO","data":"10000000"}
{"t":"2021-11-25T05:08:54.070Z","level":"WARNING","data":"\"2021-11-25T05:08:54.070Z\""}
{"t":"2021-11-25T05:08:54.071Z","level":"CRITICAL","data":"[1,1,1,1,1,1,1,1,1,1,1,1,1,1,1,1,1,1,1,1]"}
{"t":"2021-11-25T05:08:54.071Z","level":"ERROR","data":"{\"a\":1,\"b\":2,\"c\":{\"d\":\"e\",\"f\":[1,2,3]}}"}
{"t":"2021-11-25T05:11:06.166Z","level":"INFO","data":"string message 1"}
{"t":"2021-11-25T05:11:06.167Z","level":"INFO","data":"10000000"}
{"t":"2021-11-25T05:11:06.167Z","level":"WARNING","data":"\"2021-11-25T05:11:06.167Z\""}
{"t":"2021-11-25T05:11:06.167Z","level":"CRITICAL","data":"[1,1,1,1,1,1,1,1,1,1,1,1,1,1,1,1,1,1,1,1]"}
{"t":"2021-11-25T05:11:06.167Z","level":"ERROR","data":"{\"a\":1,\"b\":2,\"c\":{\"d\":\"e\",\"f\":[1,2,3]}}"}
{"t":"2021-11-25T05:13:05.988Z","level":"INFO","data":"string message 1"}
{"t":"2021-11-25T05:13:05.988Z","level":"INFO","data":"10000000"}
{"t":"2021-11-25T05:13:05.988Z","level":"WARNING","data":"\"2021-11-25T05:13:05.988Z\""}
{"t":"2021-11-25T05:13:05.988Z","level":"CRITICAL","data":"[1,1,1,1,1,1,1,1,1,1,1,1,1,1,1,1,1,1,1,1]"}
{"t":"2021-11-25T05:13:05.989Z","level":"ERROR","data":"{\"a\":1,\"b\":2,\"c\":{\"d\":\"e\",\"f\":[1,2,3]}}"}
{"t":"2021-11-25T05:13:54.632Z","level":"INFO","data":"string message 1"}
{"t":"2021-11-25T05:13:54.632Z","level":"INFO","data":"10000000"}
{"t":"2021-11-25T05:13:54.632Z","level":"WARNING","data":"\"2021-11-25T05:13:54.632Z\""}
{"t":"2021-11-25T05:13:54.632Z","level":"CRITICAL","data":"[1,1,1,1,1,1,1,1,1,1,1,1,1,1,1,1,1,1,1,1]"}
{"t":"2021-11-25T05:13:54.632Z","level":"ERROR","data":"{\"a\":1,\"b\":2,\"c\":{\"d\":\"e\",\"f\":[1,2,3]}}"}
{"t":"2021-11-25T05:14:39.380Z","level":"INFO","data":"string message 1"}
{"t":"2021-11-25T05:14:39.380Z","level":"INFO","data":"10000000"}
{"t":"2021-11-25T05:14:39.380Z","level":"WARNING","data":"\"2021-11-25T05:14:39.380Z\""}
{"t":"2021-11-25T05:14:39.380Z","level":"CRITICAL","data":"[1,1,1,1,1,1,1,1,1,1,1,1,1,1,1,1,1,1,1,1]"}
{"t":"2021-11-25T05:14:39.381Z","level":"ERROR","data":"{\"a\":1,\"b\":2,\"c\":{\"d\":\"e\",\"f\":[1,2,3]}}"}
{"t":"2021-11-25T05:15:19.768Z","level":"INFO","data":"string message 1"}
{"t":"2021-11-25T05:15:19.768Z","level":"INFO","data":"10000000"}
{"t":"2021-11-25T05:15:19.768Z","level":"WARNING","data":"\"2021-11-25T05:15:19.768Z\""}
{"t":"2021-11-25T05:15:19.768Z","level":"CRITICAL","data":"[1,1,1,1,1,1,1,1,1,1,1,1,1,1,1,1,1,1,1,1]"}
{"t":"2021-11-25T05:15:19.769Z","level":"ERROR","data":"{\"a\":1,\"b\":2,\"c\":{\"d\":\"e\",\"f\":[1,2,3]}}"}
{"t":"2021-11-25T05:15:41.966Z","level":"INFO","data":"string message 1"}
{"t":"2021-11-25T05:15:41.967Z","level":"INFO","data":"10000000"}
{"t":"2021-11-25T05:15:41.967Z","level":"WARNING","data":"\"2021-11-25T05:15:41.967Z\""}
{"t":"2021-11-25T05:15:41.967Z","level":"CRITICAL","data":"[1,1,1,1,1,1,1,1,1,1,1,1,1,1,1,1,1,1,1,1]"}
{"t":"2021-11-25T05:15:41.967Z","level":"ERROR","data":"{\"a\":1,\"b\":2,\"c\":{\"d\":\"e\",\"f\":[1,2,3]}}"}
{"t":"2021-11-25T05:16:10.171Z","level":"INFO","data":"string message 1"}
{"t":"2021-11-25T05:16:10.171Z","level":"INFO","data":"10000000"}
{"t":"2021-11-25T05:16:10.171Z","level":"WARNING","data":"\"2021-11-25T05:16:10.171Z\""}
{"t":"2021-11-25T05:16:10.171Z","level":"CRITICAL","data":"[1,1,1,1,1,1,1,1,1,1,1,1,1,1,1,1,1,1,1,1]"}
{"t":"2021-11-25T05:16:10.172Z","level":"ERROR","data":"{\"a\":1,\"b\":2,\"c\":{\"d\":\"e\",\"f\":[1,2,3]}}"}
{"t":"2021-11-25T05:16:26.710Z","level":"INFO","data":"string message 1"}
{"t":"2021-11-25T05:16:26.710Z","level":"INFO","data":"10000000"}
{"t":"2021-11-25T05:16:26.710Z","level":"WARNING","data":"\"2021-11-25T05:16:26.710Z\""}
{"t":"2021-11-25T05:16:26.710Z","level":"CRITICAL","data":"[1,1,1,1,1,1,1,1,1,1,1,1,1,1,1,1,1,1,1,1]"}
{"t":"2021-11-25T05:16:26.711Z","level":"ERROR","data":"{\"a\":1,\"b\":2,\"c\":{\"d\":\"e\",\"f\":[1,2,3]}}"}
{"t":"2021-11-25T05:17:38.494Z","level":"INFO","data":"string message 1"}
{"t":"2021-11-25T05:17:38.494Z","level":"INFO","data":"10000000"}
{"t":"2021-11-25T05:17:38.494Z","level":"WARNING","data":"\"2021-11-25T05:17:38.494Z\""}
{"t":"2021-11-25T05:17:38.494Z","level":"CRITICAL","data":"[1,1,1,1,1,1,1,1,1,1,1,1,1,1,1,1,1,1,1,1]"}
{"t":"2021-11-25T05:17:38.495Z","level":"ERROR","data":"{\"a\":1,\"b\":2,\"c\":{\"d\":\"e\",\"f\":[1,2,3]}}"}
